<?xml version="1.0" encoding="UTF-8"?>
<!-- Generated by org.testng.reporters.JUnitReportReporter -->
<testsuite skipped="0" hostname="RahulKaelsMini2" name="com.zoopla.qa.testcase.PracticeTwo" tests="3" failures="0" timestamp="25 May 2019 07:06:46 GMT" time="0.005" errors="0">
  <testcase name="login2" time="0.002" classname="com.zoopla.qa.testcase.PracticeTwo"/>
  <testcase name="click2" time="0.002" classname="com.zoopla.qa.testcase.PracticeTwo"/>
  <testcase name="logout2" time="0.001" classname="com.zoopla.qa.testcase.PracticeTwo"/>
</testsuite> <!-- com.zoopla.qa.testcase.PracticeTwo -->
