<?xml version="1.0" encoding="UTF-8"?>
<!-- Generated by org.testng.reporters.JUnitReportReporter -->
<testsuite skipped="0" hostname="DESKTOP-A3DICO7" name="com.zoopla.qa.testcase.AgentDetailsPageTest" tests="1" failures="0" timestamp="16 Apr 2019 13:35:14 GMT" time="0.263" errors="0">
  <testcase name="verifyAgentDetails" time="0.263" classname="com.zoopla.qa.testcase.AgentDetailsPageTest"/>
</testsuite> <!-- com.zoopla.qa.testcase.AgentDetailsPageTest -->
