<?xml version="1.0" encoding="UTF-8"?>
<!-- Generated by org.testng.reporters.JUnitReportReporter -->
<testsuite skipped="0" hostname="DESKTOP-A3DICO7" name="com.zoopla.qa.testcase.AgentPageTest" tests="5" failures="0" timestamp="15 Apr 2019 16:02:11 GMT" time="39.803" errors="0">
  <testcase name="verifyHomePageTitle" time="0.041" classname="com.zoopla.qa.testcase.AgentPageTest"/>
  <testcase name="searchLocation" time="17.918" classname="com.zoopla.qa.testcase.AgentPageTest"/>
  <testcase name="verifyPropertyPageTitle" time="3.028" classname="com.zoopla.qa.testcase.AgentPageTest"/>
  <testcase name="printPrice" time="18.506" classname="com.zoopla.qa.testcase.AgentPageTest"/>
  <testcase name="agentDetails" time="0.310" classname="com.zoopla.qa.testcase.AgentPageTest"/>
</testsuite> <!-- com.zoopla.qa.testcase.AgentPageTest -->
