<?xml version="1.0" encoding="UTF-8"?>
<!-- Generated by org.testng.reporters.JUnitReportReporter -->
<testsuite hostname="RahulKaelsMini2" name="com.zoopla.qa.testcase.PracticeTwo" tests="3" failures="0" timestamp="15 Jun 2019 07:05:47 GMT" time="0.005" errors="0">
  <testcase name="login2" time="0.003" classname="com.zoopla.qa.testcase.PracticeTwo"/>
  <testcase name="click2" time="0.001" classname="com.zoopla.qa.testcase.PracticeTwo"/>
  <testcase name="logout2" time="0.001" classname="com.zoopla.qa.testcase.PracticeTwo"/>
</testsuite> <!-- com.zoopla.qa.testcase.PracticeTwo -->
