<?xml version="1.0" encoding="UTF-8"?>
<!-- Generated by org.testng.reporters.JUnitReportReporter -->
<testsuite skipped="0" hostname="DESKTOP-A3DICO7" name="com.zoopla.qa.testcase.HomePageTest" tests="2" failures="0" timestamp="16 Apr 2019 11:44:19 GMT" time="21.677" errors="0">
  <testcase name="verifyHomePageTitle" time="0.085" classname="com.zoopla.qa.testcase.HomePageTest"/>
  <testcase name="searchLocation" time="21.592" classname="com.zoopla.qa.testcase.HomePageTest"/>
</testsuite> <!-- com.zoopla.qa.testcase.HomePageTest -->
