<?xml version="1.0" encoding="UTF-8"?>
<!-- Generated by org.testng.reporters.JUnitReportReporter -->
<testsuite skipped="0" hostname="DESKTOP-A3DICO7" name="com.zoopla.qa.testcase.PropertyPageTest" tests="1" failures="0" timestamp="16 Apr 2019 11:44:19 GMT" time="18.963" errors="0">
  <testcase name="agentDetails" time="18.963" classname="com.zoopla.qa.testcase.PropertyPageTest"/>
</testsuite> <!-- com.zoopla.qa.testcase.PropertyPageTest -->
