<?xml version="1.0" encoding="UTF-8"?>
<!-- Generated by org.testng.reporters.JUnitReportReporter -->
<testsuite skipped="0" hostname="DESKTOP-A3DICO7" name="com.zoopla.qa.testcase.SalePageTest" tests="2" failures="0" timestamp="16 Apr 2019 11:44:19 GMT" time="21.264" errors="0">
  <testcase name="verifyPropertyPageTitle" time="3.027" classname="com.zoopla.qa.testcase.SalePageTest"/>
  <testcase name="printPrice" time="18.237" classname="com.zoopla.qa.testcase.SalePageTest"/>
</testsuite> <!-- com.zoopla.qa.testcase.SalePageTest -->
